<?xml version="1.0" encoding="UTF-8"?>
<testng-results ignored="0" total="1" passed="1" failed="0" skipped="0">
  <reporter-output>
  </reporter-output>
  <suite started-at="2022-07-10T19:21:10 IST" name="Default suite" finished-at="2022-07-10T19:22:23 IST" duration-ms="72328">
    <groups>
    </groups>
    <test started-at="2022-07-10T19:21:10 IST" name="Default test" finished-at="2022-07-10T19:22:23 IST" duration-ms="72328">
      <class name="TestPKG.verifyUserCanAddToCart">
        <test-method is-config="true" signature="beforeClass()[pri:0, instance:TestPKG.verifyUserCanAddToCart@242b836]" started-at="2022-07-10T19:21:10 IST" name="beforeClass" finished-at="2022-07-10T19:21:27 IST" duration-ms="16677" status="PASS">
          <reporter-output>
          </reporter-output>
        </test-method> <!-- beforeClass -->
        <test-method is-config="true" signature="beforeMethod()[pri:0, instance:TestPKG.verifyUserCanAddToCart@242b836]" started-at="2022-07-10T19:21:27 IST" name="beforeMethod" finished-at="2022-07-10T19:21:28 IST" duration-ms="565" status="PASS">
          <reporter-output>
          </reporter-output>
        </test-method> <!-- beforeMethod -->
        <test-method signature="productAddToCart()[pri:0, instance:TestPKG.verifyUserCanAddToCart@242b836]" started-at="2022-07-10T19:21:28 IST" name="productAddToCart" finished-at="2022-07-10T19:22:18 IST" duration-ms="49892" status="PASS">
          <reporter-output>
          </reporter-output>
        </test-method> <!-- productAddToCart -->
        <test-method is-config="true" signature="afterMethod(org.testng.ITestResult)[pri:0, instance:TestPKG.verifyUserCanAddToCart@242b836]" started-at="2022-07-10T19:22:18 IST" name="afterMethod" finished-at="2022-07-10T19:22:18 IST" duration-ms="64" status="PASS">
          <params>
            <param index="0">
              <value>
                <![CDATA[[TestResult name=productAddToCart status=SUCCESS method=verifyUserCanAddToCart.productAddToCart()[pri:0, instance:TestPKG.verifyUserCanAddToCart@242b836] output={null}]]]>
              </value>
            </param>
          </params>
          <reporter-output>
          </reporter-output>
        </test-method> <!-- afterMethod -->
        <test-method is-config="true" signature="afterClass()[pri:0, instance:TestPKG.verifyUserCanAddToCart@242b836]" started-at="2022-07-10T19:22:18 IST" name="afterClass" finished-at="2022-07-10T19:22:23 IST" duration-ms="5023" status="PASS">
          <reporter-output>
          </reporter-output>
        </test-method> <!-- afterClass -->
      </class> <!-- TestPKG.verifyUserCanAddToCart -->
    </test> <!-- Default test -->
  </suite> <!-- Default suite -->
</testng-results>
